<?xml version="1.0" encoding="UTF-8"?>
<testsuite xmlns:xsi="http://www.w3.org/2001/XMLSchema-instance" xsi:noNamespaceSchemaLocation="https://maven.apache.org/surefire/maven-surefire-plugin/xsd/surefire-test-report.xsd" name="demo.springboot.WebApplicationTests" time="9.127" tests="1" errors="0" skipped="0" failures="0">
  <properties>
    <property name="sun.desktop" value="windows"/>
    <property name="awt.toolkit" value="sun.awt.windows.WToolkit"/>
    <property name="file.encoding.pkg" value="sun.io"/>
    <property name="java.specification.version" value="1.8"/>
    <property name="sun.cpu.isalist" value="amd64"/>
    <property name="sun.jnu.encoding" value="GBK"/>
    <property name="java.class.path" value="D:\联通系统集成实习\spring boot groovy\chapter-4-spring-boot-web-thymeleaf\target\test-classes;D:\联通系统集成实习\spring boot groovy\chapter-4-spring-boot-web-thymeleaf\target\classes;D:\联通系统集成实习\mavenrepository\org\springframework\boot\spring-boot-starter-web\2.1.3.RELEASE\spring-boot-starter-web-2.1.3.RELEASE.jar;D:\联通系统集成实习\mavenrepository\org\springframework\boot\spring-boot-starter\2.1.3.RELEASE\spring-boot-starter-2.1.3.RELEASE.jar;D:\联通系统集成实习\mavenrepository\org\springframework\boot\spring-boot\2.1.3.RELEASE\spring-boot-2.1.3.RELEASE.jar;D:\联通系统集成实习\mavenrepository\org\springframework\boot\spring-boot-autoconfigure\2.1.3.RELEASE\spring-boot-autoconfigure-2.1.3.RELEASE.jar;D:\联通系统集成实习\mavenrepository\org\springframework\boot\spring-boot-starter-logging\2.1.3.RELEASE\spring-boot-starter-logging-2.1.3.RELEASE.jar;D:\联通系统集成实习\mavenrepository\ch\qos\logback\logback-classic\1.2.3\logback-classic-1.2.3.jar;D:\联通系统集成实习\mavenrepository\ch\qos\logback\logback-core\1.2.3\logback-core-1.2.3.jar;D:\联通系统集成实习\mavenrepository\org\apache\logging\log4j\log4j-to-slf4j\2.11.2\log4j-to-slf4j-2.11.2.jar;D:\联通系统集成实习\mavenrepository\org\apache\logging\log4j\log4j-api\2.11.2\log4j-api-2.11.2.jar;D:\联通系统集成实习\mavenrepository\org\slf4j\jul-to-slf4j\1.7.25\jul-to-slf4j-1.7.25.jar;D:\联通系统集成实习\mavenrepository\javax\annotation\javax.annotation-api\1.3.2\javax.annotation-api-1.3.2.jar;D:\联通系统集成实习\mavenrepository\org\yaml\snakeyaml\1.23\snakeyaml-1.23.jar;D:\联通系统集成实习\mavenrepository\org\springframework\boot\spring-boot-starter-json\2.1.3.RELEASE\spring-boot-starter-json-2.1.3.RELEASE.jar;D:\联通系统集成实习\mavenrepository\com\fasterxml\jackson\core\jackson-databind\2.9.8\jackson-databind-2.9.8.jar;D:\联通系统集成实习\mavenrepository\com\fasterxml\jackson\core\jackson-annotations\2.9.0\jackson-annotations-2.9.0.jar;D:\联通系统集成实习\mavenrepository\com\fasterxml\jackson\core\jackson-core\2.9.8\jackson-core-2.9.8.jar;D:\联通系统集成实习\mavenrepository\com\fasterxml\jackson\datatype\jackson-datatype-jdk8\2.9.8\jackson-datatype-jdk8-2.9.8.jar;D:\联通系统集成实习\mavenrepository\com\fasterxml\jackson\datatype\jackson-datatype-jsr310\2.9.8\jackson-datatype-jsr310-2.9.8.jar;D:\联通系统集成实习\mavenrepository\com\fasterxml\jackson\module\jackson-module-parameter-names\2.9.8\jackson-module-parameter-names-2.9.8.jar;D:\联通系统集成实习\mavenrepository\org\springframework\boot\spring-boot-starter-tomcat\2.1.3.RELEASE\spring-boot-starter-tomcat-2.1.3.RELEASE.jar;D:\联通系统集成实习\mavenrepository\org\apache\tomcat\embed\tomcat-embed-core\9.0.16\tomcat-embed-core-9.0.16.jar;D:\联通系统集成实习\mavenrepository\org\apache\tomcat\embed\tomcat-embed-el\9.0.16\tomcat-embed-el-9.0.16.jar;D:\联通系统集成实习\mavenrepository\org\apache\tomcat\embed\tomcat-embed-websocket\9.0.16\tomcat-embed-websocket-9.0.16.jar;D:\联通系统集成实习\mavenrepository\org\hibernate\validator\hibernate-validator\6.0.14.Final\hibernate-validator-6.0.14.Final.jar;D:\联通系统集成实习\mavenrepository\javax\validation\validation-api\2.0.1.Final\validation-api-2.0.1.Final.jar;D:\联通系统集成实习\mavenrepository\org\jboss\logging\jboss-logging\3.3.2.Final\jboss-logging-3.3.2.Final.jar;D:\联通系统集成实习\mavenrepository\com\fasterxml\classmate\1.4.0\classmate-1.4.0.jar;D:\联通系统集成实习\mavenrepository\org\springframework\spring-web\5.1.5.RELEASE\spring-web-5.1.5.RELEASE.jar;D:\联通系统集成实习\mavenrepository\org\springframework\spring-beans\5.1.5.RELEASE\spring-beans-5.1.5.RELEASE.jar;D:\联通系统集成实习\mavenrepository\org\springframework\spring-webmvc\5.1.5.RELEASE\spring-webmvc-5.1.5.RELEASE.jar;D:\联通系统集成实习\mavenrepository\org\springframework\spring-aop\5.1.5.RELEASE\spring-aop-5.1.5.RELEASE.jar;D:\联通系统集成实习\mavenrepository\org\springframework\spring-context\5.1.5.RELEASE\spring-context-5.1.5.RELEASE.jar;D:\联通系统集成实习\mavenrepository\org\springframework\spring-expression\5.1.5.RELEASE\spring-expression-5.1.5.RELEASE.jar;D:\联通系统集成实习\mavenrepository\org\springframework\boot\spring-boot-starter-thymeleaf\2.1.3.RELEASE\spring-boot-starter-thymeleaf-2.1.3.RELEASE.jar;D:\联通系统集成实习\mavenrepository\org\thymeleaf\thymeleaf-spring5\3.0.11.RELEASE\thymeleaf-spring5-3.0.11.RELEASE.jar;D:\联通系统集成实习\mavenrepository\org\thymeleaf\thymeleaf\3.0.11.RELEASE\thymeleaf-3.0.11.RELEASE.jar;D:\联通系统集成实习\mavenrepository\org\attoparser\attoparser\2.0.5.RELEASE\attoparser-2.0.5.RELEASE.jar;D:\联通系统集成实习\mavenrepository\org\unbescape\unbescape\1.1.6.RELEASE\unbescape-1.1.6.RELEASE.jar;D:\联通系统集成实习\mavenrepository\org\slf4j\slf4j-api\1.7.25\slf4j-api-1.7.25.jar;D:\联通系统集成实习\mavenrepository\org\thymeleaf\extras\thymeleaf-extras-java8time\3.0.3.RELEASE\thymeleaf-extras-java8time-3.0.3.RELEASE.jar;D:\联通系统集成实习\mavenrepository\org\springframework\boot\spring-boot-starter-test\2.1.3.RELEASE\spring-boot-starter-test-2.1.3.RELEASE.jar;D:\联通系统集成实习\mavenrepository\org\springframework\boot\spring-boot-test\2.1.3.RELEASE\spring-boot-test-2.1.3.RELEASE.jar;D:\联通系统集成实习\mavenrepository\org\springframework\boot\spring-boot-test-autoconfigure\2.1.3.RELEASE\spring-boot-test-autoconfigure-2.1.3.RELEASE.jar;D:\联通系统集成实习\mavenrepository\com\jayway\jsonpath\json-path\2.4.0\json-path-2.4.0.jar;D:\联通系统集成实习\mavenrepository\net\minidev\json-smart\2.3\json-smart-2.3.jar;D:\联通系统集成实习\mavenrepository\net\minidev\accessors-smart\1.2\accessors-smart-1.2.jar;D:\联通系统集成实习\mavenrepository\org\ow2\asm\asm\5.0.4\asm-5.0.4.jar;D:\联通系统集成实习\mavenrepository\junit\junit\4.12\junit-4.12.jar;D:\联通系统集成实习\mavenrepository\org\assertj\assertj-core\3.11.1\assertj-core-3.11.1.jar;D:\联通系统集成实习\mavenrepository\org\mockito\mockito-core\2.23.4\mockito-core-2.23.4.jar;D:\联通系统集成实习\mavenrepository\net\bytebuddy\byte-buddy\1.9.10\byte-buddy-1.9.10.jar;D:\联通系统集成实习\mavenrepository\net\bytebuddy\byte-buddy-agent\1.9.10\byte-buddy-agent-1.9.10.jar;D:\联通系统集成实习\mavenrepository\org\objenesis\objenesis\2.6\objenesis-2.6.jar;D:\联通系统集成实习\mavenrepository\org\hamcrest\hamcrest-core\1.3\hamcrest-core-1.3.jar;D:\联通系统集成实习\mavenrepository\org\hamcrest\hamcrest-library\1.3\hamcrest-library-1.3.jar;D:\联通系统集成实习\mavenrepository\org\skyscreamer\jsonassert\1.5.0\jsonassert-1.5.0.jar;D:\联通系统集成实习\mavenrepository\com\vaadin\external\google\android-json\0.0.20131108.vaadin1\android-json-0.0.20131108.vaadin1.jar;D:\联通系统集成实习\mavenrepository\org\springframework\spring-core\5.1.5.RELEASE\spring-core-5.1.5.RELEASE.jar;D:\联通系统集成实习\mavenrepository\org\springframework\spring-jcl\5.1.5.RELEASE\spring-jcl-5.1.5.RELEASE.jar;D:\联通系统集成实习\mavenrepository\org\springframework\spring-test\5.1.5.RELEASE\spring-test-5.1.5.RELEASE.jar;D:\联通系统集成实习\mavenrepository\org\xmlunit\xmlunit-core\2.6.2\xmlunit-core-2.6.2.jar;"/>
    <property name="java.vm.vendor" value="Oracle Corporation"/>
    <property name="sun.arch.data.model" value="64"/>
    <property name="user.variant" value=""/>
    <property name="java.vendor.url" value="http://java.oracle.com/"/>
    <property name="user.timezone" value="Asia/Shanghai"/>
    <property name="java.vm.specification.version" value="1.8"/>
    <property name="os.name" value="Windows 7"/>
    <property name="user.country" value="CN"/>
    <property name="sun.java.launcher" value="SUN_STANDARD"/>
    <property name="sun.boot.library.path" value="C:\Program Files\Java\jdk1.8.0_74\jre\bin"/>
    <property name="sun.java.command" value="C:\Users\联想\AppData\Local\Temp\surefire3347907374524220826\surefirebooter1735077180277771523.jar C:\Users\联想\AppData\Local\Temp\surefire3347907374524220826 2019-07-26T14-17-28_316-jvmRun1 surefire4482419582919133556tmp surefire_08748023812445340145tmp"/>
    <property name="surefire.test.class.path" value="D:\联通系统集成实习\spring boot groovy\chapter-4-spring-boot-web-thymeleaf\target\test-classes;D:\联通系统集成实习\spring boot groovy\chapter-4-spring-boot-web-thymeleaf\target\classes;D:\联通系统集成实习\mavenrepository\org\springframework\boot\spring-boot-starter-web\2.1.3.RELEASE\spring-boot-starter-web-2.1.3.RELEASE.jar;D:\联通系统集成实习\mavenrepository\org\springframework\boot\spring-boot-starter\2.1.3.RELEASE\spring-boot-starter-2.1.3.RELEASE.jar;D:\联通系统集成实习\mavenrepository\org\springframework\boot\spring-boot\2.1.3.RELEASE\spring-boot-2.1.3.RELEASE.jar;D:\联通系统集成实习\mavenrepository\org\springframework\boot\spring-boot-autoconfigure\2.1.3.RELEASE\spring-boot-autoconfigure-2.1.3.RELEASE.jar;D:\联通系统集成实习\mavenrepository\org\springframework\boot\spring-boot-starter-logging\2.1.3.RELEASE\spring-boot-starter-logging-2.1.3.RELEASE.jar;D:\联通系统集成实习\mavenrepository\ch\qos\logback\logback-classic\1.2.3\logback-classic-1.2.3.jar;D:\联通系统集成实习\mavenrepository\ch\qos\logback\logback-core\1.2.3\logback-core-1.2.3.jar;D:\联通系统集成实习\mavenrepository\org\apache\logging\log4j\log4j-to-slf4j\2.11.2\log4j-to-slf4j-2.11.2.jar;D:\联通系统集成实习\mavenrepository\org\apache\logging\log4j\log4j-api\2.11.2\log4j-api-2.11.2.jar;D:\联通系统集成实习\mavenrepository\org\slf4j\jul-to-slf4j\1.7.25\jul-to-slf4j-1.7.25.jar;D:\联通系统集成实习\mavenrepository\javax\annotation\javax.annotation-api\1.3.2\javax.annotation-api-1.3.2.jar;D:\联通系统集成实习\mavenrepository\org\yaml\snakeyaml\1.23\snakeyaml-1.23.jar;D:\联通系统集成实习\mavenrepository\org\springframework\boot\spring-boot-starter-json\2.1.3.RELEASE\spring-boot-starter-json-2.1.3.RELEASE.jar;D:\联通系统集成实习\mavenrepository\com\fasterxml\jackson\core\jackson-databind\2.9.8\jackson-databind-2.9.8.jar;D:\联通系统集成实习\mavenrepository\com\fasterxml\jackson\core\jackson-annotations\2.9.0\jackson-annotations-2.9.0.jar;D:\联通系统集成实习\mavenrepository\com\fasterxml\jackson\core\jackson-core\2.9.8\jackson-core-2.9.8.jar;D:\联通系统集成实习\mavenrepository\com\fasterxml\jackson\datatype\jackson-datatype-jdk8\2.9.8\jackson-datatype-jdk8-2.9.8.jar;D:\联通系统集成实习\mavenrepository\com\fasterxml\jackson\datatype\jackson-datatype-jsr310\2.9.8\jackson-datatype-jsr310-2.9.8.jar;D:\联通系统集成实习\mavenrepository\com\fasterxml\jackson\module\jackson-module-parameter-names\2.9.8\jackson-module-parameter-names-2.9.8.jar;D:\联通系统集成实习\mavenrepository\org\springframework\boot\spring-boot-starter-tomcat\2.1.3.RELEASE\spring-boot-starter-tomcat-2.1.3.RELEASE.jar;D:\联通系统集成实习\mavenrepository\org\apache\tomcat\embed\tomcat-embed-core\9.0.16\tomcat-embed-core-9.0.16.jar;D:\联通系统集成实习\mavenrepository\org\apache\tomcat\embed\tomcat-embed-el\9.0.16\tomcat-embed-el-9.0.16.jar;D:\联通系统集成实习\mavenrepository\org\apache\tomcat\embed\tomcat-embed-websocket\9.0.16\tomcat-embed-websocket-9.0.16.jar;D:\联通系统集成实习\mavenrepository\org\hibernate\validator\hibernate-validator\6.0.14.Final\hibernate-validator-6.0.14.Final.jar;D:\联通系统集成实习\mavenrepository\javax\validation\validation-api\2.0.1.Final\validation-api-2.0.1.Final.jar;D:\联通系统集成实习\mavenrepository\org\jboss\logging\jboss-logging\3.3.2.Final\jboss-logging-3.3.2.Final.jar;D:\联通系统集成实习\mavenrepository\com\fasterxml\classmate\1.4.0\classmate-1.4.0.jar;D:\联通系统集成实习\mavenrepository\org\springframework\spring-web\5.1.5.RELEASE\spring-web-5.1.5.RELEASE.jar;D:\联通系统集成实习\mavenrepository\org\springframework\spring-beans\5.1.5.RELEASE\spring-beans-5.1.5.RELEASE.jar;D:\联通系统集成实习\mavenrepository\org\springframework\spring-webmvc\5.1.5.RELEASE\spring-webmvc-5.1.5.RELEASE.jar;D:\联通系统集成实习\mavenrepository\org\springframework\spring-aop\5.1.5.RELEASE\spring-aop-5.1.5.RELEASE.jar;D:\联通系统集成实习\mavenrepository\org\springframework\spring-context\5.1.5.RELEASE\spring-context-5.1.5.RELEASE.jar;D:\联通系统集成实习\mavenrepository\org\springframework\spring-expression\5.1.5.RELEASE\spring-expression-5.1.5.RELEASE.jar;D:\联通系统集成实习\mavenrepository\org\springframework\boot\spring-boot-starter-thymeleaf\2.1.3.RELEASE\spring-boot-starter-thymeleaf-2.1.3.RELEASE.jar;D:\联通系统集成实习\mavenrepository\org\thymeleaf\thymeleaf-spring5\3.0.11.RELEASE\thymeleaf-spring5-3.0.11.RELEASE.jar;D:\联通系统集成实习\mavenrepository\org\thymeleaf\thymeleaf\3.0.11.RELEASE\thymeleaf-3.0.11.RELEASE.jar;D:\联通系统集成实习\mavenrepository\org\attoparser\attoparser\2.0.5.RELEASE\attoparser-2.0.5.RELEASE.jar;D:\联通系统集成实习\mavenrepository\org\unbescape\unbescape\1.1.6.RELEASE\unbescape-1.1.6.RELEASE.jar;D:\联通系统集成实习\mavenrepository\org\slf4j\slf4j-api\1.7.25\slf4j-api-1.7.25.jar;D:\联通系统集成实习\mavenrepository\org\thymeleaf\extras\thymeleaf-extras-java8time\3.0.3.RELEASE\thymeleaf-extras-java8time-3.0.3.RELEASE.jar;D:\联通系统集成实习\mavenrepository\org\springframework\boot\spring-boot-starter-test\2.1.3.RELEASE\spring-boot-starter-test-2.1.3.RELEASE.jar;D:\联通系统集成实习\mavenrepository\org\springframework\boot\spring-boot-test\2.1.3.RELEASE\spring-boot-test-2.1.3.RELEASE.jar;D:\联通系统集成实习\mavenrepository\org\springframework\boot\spring-boot-test-autoconfigure\2.1.3.RELEASE\spring-boot-test-autoconfigure-2.1.3.RELEASE.jar;D:\联通系统集成实习\mavenrepository\com\jayway\jsonpath\json-path\2.4.0\json-path-2.4.0.jar;D:\联通系统集成实习\mavenrepository\net\minidev\json-smart\2.3\json-smart-2.3.jar;D:\联通系统集成实习\mavenrepository\net\minidev\accessors-smart\1.2\accessors-smart-1.2.jar;D:\联通系统集成实习\mavenrepository\org\ow2\asm\asm\5.0.4\asm-5.0.4.jar;D:\联通系统集成实习\mavenrepository\junit\junit\4.12\junit-4.12.jar;D:\联通系统集成实习\mavenrepository\org\assertj\assertj-core\3.11.1\assertj-core-3.11.1.jar;D:\联通系统集成实习\mavenrepository\org\mockito\mockito-core\2.23.4\mockito-core-2.23.4.jar;D:\联通系统集成实习\mavenrepository\net\bytebuddy\byte-buddy\1.9.10\byte-buddy-1.9.10.jar;D:\联通系统集成实习\mavenrepository\net\bytebuddy\byte-buddy-agent\1.9.10\byte-buddy-agent-1.9.10.jar;D:\联通系统集成实习\mavenrepository\org\objenesis\objenesis\2.6\objenesis-2.6.jar;D:\联通系统集成实习\mavenrepository\org\hamcrest\hamcrest-core\1.3\hamcrest-core-1.3.jar;D:\联通系统集成实习\mavenrepository\org\hamcrest\hamcrest-library\1.3\hamcrest-library-1.3.jar;D:\联通系统集成实习\mavenrepository\org\skyscreamer\jsonassert\1.5.0\jsonassert-1.5.0.jar;D:\联通系统集成实习\mavenrepository\com\vaadin\external\google\android-json\0.0.20131108.vaadin1\android-json-0.0.20131108.vaadin1.jar;D:\联通系统集成实习\mavenrepository\org\springframework\spring-core\5.1.5.RELEASE\spring-core-5.1.5.RELEASE.jar;D:\联通系统集成实习\mavenrepository\org\springframework\spring-jcl\5.1.5.RELEASE\spring-jcl-5.1.5.RELEASE.jar;D:\联通系统集成实习\mavenrepository\org\springframework\spring-test\5.1.5.RELEASE\spring-test-5.1.5.RELEASE.jar;D:\联通系统集成实习\mavenrepository\org\xmlunit\xmlunit-core\2.6.2\xmlunit-core-2.6.2.jar;"/>
    <property name="sun.cpu.endian" value="little"/>
    <property name="user.home" value="C:\Users\联想"/>
    <property name="user.language" value="zh"/>
    <property name="java.specification.vendor" value="Oracle Corporation"/>
    <property name="java.home" value="C:\Program Files\Java\jdk1.8.0_74\jre"/>
    <property name="basedir" value="D:\联通系统集成实习\spring boot groovy\chapter-4-spring-boot-web-thymeleaf"/>
    <property name="style.color" value="always"/>
    <property name="file.separator" value="\"/>
    <property name="line.separator" value="&#10;"/>
    <property name="java.vm.specification.vendor" value="Oracle Corporation"/>
    <property name="java.specification.name" value="Java Platform API Specification"/>
    <property name="java.awt.graphicsenv" value="sun.awt.Win32GraphicsEnvironment"/>
    <property name="surefire.real.class.path" value="C:\Users\联想\AppData\Local\Temp\surefire3347907374524220826\surefirebooter1735077180277771523.jar"/>
    <property name="sun.boot.class.path" value="C:\Program Files\Java\jdk1.8.0_74\jre\lib\resources.jar;C:\Program Files\Java\jdk1.8.0_74\jre\lib\rt.jar;C:\Program Files\Java\jdk1.8.0_74\jre\lib\sunrsasign.jar;C:\Program Files\Java\jdk1.8.0_74\jre\lib\jsse.jar;C:\Program Files\Java\jdk1.8.0_74\jre\lib\jce.jar;C:\Program Files\Java\jdk1.8.0_74\jre\lib\charsets.jar;C:\Program Files\Java\jdk1.8.0_74\jre\lib\jfr.jar;C:\Program Files\Java\jdk1.8.0_74\jre\classes"/>
    <property name="user.script" value=""/>
    <property name="sun.management.compiler" value="HotSpot 64-Bit Tiered Compilers"/>
    <property name="java.runtime.version" value="1.8.0_74-b02"/>
    <property name="user.name" value="联想"/>
    <property name="path.separator" value=";"/>
    <property name="os.version" value="6.1"/>
    <property name="java.endorsed.dirs" value="C:\Program Files\Java\jdk1.8.0_74\jre\lib\endorsed"/>
    <property name="java.runtime.name" value="Java(TM) SE Runtime Environment"/>
    <property name="file.encoding" value="GBK"/>
    <property name="java.vm.name" value="Java HotSpot(TM) 64-Bit Server VM"/>
    <property name="localRepository" value="D:\联通系统集成实习\mavenrepository"/>
    <property name="java.vendor.url.bug" value="http://bugreport.sun.com/bugreport/"/>
    <property name="java.io.tmpdir" value="C:\Users\联想\AppData\Local\Temp\"/>
    <property name="java.version" value="1.8.0_74"/>
    <property name="user.dir" value="D:\联通系统集成实习\spring boot groovy\chapter-4-spring-boot-web-thymeleaf"/>
    <property name="os.arch" value="amd64"/>
    <property name="java.vm.specification.name" value="Java Virtual Machine Specification"/>
    <property name="java.awt.printerjob" value="sun.awt.windows.WPrinterJob"/>
    <property name="sun.os.patch.level" value="Service Pack 1"/>
    <property name="java.library.path" value="C:\Program Files\Java\jdk1.8.0_74\jre\bin;C:\windows\Sun\Java\bin;C:\windows\system32;C:\windows;C:/Program Files/Java/jre1.8.0_74/bin/server;C:/Program Files/Java/jre1.8.0_74/bin;C:/Program Files/Java/jre1.8.0_74/lib/amd64;E:\apache-maven-3.6.1\bin;E:\XShell\;C:\Program Files (x86)\AMD APP\bin\x86_64;C:\Program Files (x86)\AMD APP\bin\x86;C:\ProgramData\Oracle\Java\javapath;C:\windows\system32;C:\windows;C:\windows\System32\Wbem;C:\windows\System32\WindowsPowerShell\v1.0\;E:\办公软件\计算机显卡驱动\ATI.ACE\Core-Static;E:\计算机教学软件;数据库SQL\100\Tools\Binn\;E:;计算机教学软件\数据库SQL\100\DTS\Binn\;E:\计算机教学软;\数据库SQL\100\Tools\Binn\VSShell\Common7\IDE\;C:;Program Files (x86)\Microsoft Visual Studio 9.0\Common7\IDE\PrivateAssemblies\;C:\Program Files (x86)\Intel\OpenCL SDK\2.0\bin\x86;C:\Program Files (x86)\Intel\OpenCL SDK\2.0\bin\x64;C:\Program Files\Lenovo\Bluetooth Software\;C:\Program Files\Lenovo\Bluetooth Software\syswow64;\bin;C:\Program Files\Java\jdk1.8.0_74\bin;E:\Matlab\runtime\win64;E:\Matlab\bin;E:\Matlab\polyspace\bin;C:\Program Files (x86)\ATI Technologies\ATI.ACE\Core-Static;C:\Program Files (x86)\Common Files\Autodesk Shared\;C:\Program Files (x86)\Autodesk\Backburner\;E:\计算机教学软件\GitClient\Git\cmd;E:\计算机教学软件\tor\bin;E:\jenkinshome\jenkins;E:\计算机教学软件\visit2.13.1\LLNL\VisIt 2.13.1;h&amp;#8;??r??躿;E:\计算机教学软件\JAVA软件\spring-tool-suite-4-4.3.1.RELEASE-e4.12.0-win32.win32.x86_64\sts-4.3.1.RELEASE;;."/>
    <property name="java.vm.info" value="mixed mode"/>
    <property name="java.vendor" value="Oracle Corporation"/>
    <property name="java.vm.version" value="25.74-b02"/>
    <property name="java.ext.dirs" value="C:\Program Files\Java\jdk1.8.0_74\jre\lib\ext;C:\windows\Sun\Java\lib\ext"/>
    <property name="sun.io.unicode.encoding" value="UnicodeLittle"/>
    <property name="java.class.version" value="52.0"/>
  </properties>
  <testcase name="contextLoads" classname="demo.springboot.WebApplicationTests" time="0.398"/>
</testsuite>